2026-04-27T11:22:44.070+05:30  INFO 3660 --- [PAYMENT-SERVICE] [main] c.e.demo.PaymentServiceApplication       : Starting PaymentServiceApplication using Java 17.0.18 with PID 3660 (C:\project\payment-service\target\classes started by HP in C:\project\payment-service)
2026-04-27T11:22:44.075+05:30  INFO 3660 --- [PAYMENT-SERVICE] [main] c.e.demo.PaymentServiceApplication       : No active profile set, falling back to 1 default profile: "default"
2026-04-27T11:22:44.940+05:30  INFO 3660 --- [PAYMENT-SERVICE] [main] .s.d.r.c.RepositoryConfigurationDelegate : Bootstrapping Spring Data JPA repositories in DEFAULT mode.
2026-04-27T11:22:45.055+05:30  INFO 3660 --- [PAYMENT-SERVICE] [main] .s.d.r.c.RepositoryConfigurationDelegate : Finished Spring Data repository scanning in 106 ms. Found 1 JPA repository interface.
2026-04-27T11:22:45.263+05:30  INFO 3660 --- [PAYMENT-SERVICE] [main] o.s.cloud.context.scope.GenericScope     : BeanFactory id=6652b0e8-5384-3010-9156-3973c6334acc
2026-04-27T11:22:45.482+05:30  WARN 3660 --- [PAYMENT-SERVICE] [main] trationDelegate$BeanPostProcessorChecker : Bean 'org.springframework.cloud.client.loadbalancer.LoadBalancerAutoConfiguration$DeferringLoadBalancerInterceptorConfig' of type [org.springframework.cloud.client.loadbalancer.LoadBalancerAutoConfiguration$DeferringLoadBalancerInterceptorConfig] is not eligible for getting processed by all BeanPostProcessors (for example: not eligible for auto-proxying). The currently created BeanPostProcessor [lbRestClientPostProcessor] is declared through a non-static factory method on that class; consider declaring it as static instead.
2026-04-27T11:22:45.486+05:30  WARN 3660 --- [PAYMENT-SERVICE] [main] trationDelegate$BeanPostProcessorChecker : Bean 'deferringLoadBalancerInterceptor' of type [org.springframework.cloud.client.loadbalancer.DeferringLoadBalancerInterceptor] is not eligible for getting processed by all BeanPostProcessors (for example: not eligible for auto-proxying). Is this bean getting eagerly injected into a currently created BeanPostProcessor [lbRestClientPostProcessor]? Check the corresponding BeanPostProcessor declaration and its dependencies.
2026-04-27T11:22:45.768+05:30  INFO 3660 --- [PAYMENT-SERVICE] [main] o.s.b.w.embedded.tomcat.TomcatWebServer  : Tomcat initialized with port 8084 (http)
2026-04-27T11:22:45.778+05:30  INFO 3660 --- [PAYMENT-SERVICE] [main] o.apache.catalina.core.StandardService   : Starting service [Tomcat]
2026-04-27T11:22:45.780+05:30  INFO 3660 --- [PAYMENT-SERVICE] [main] o.apache.catalina.core.StandardEngine    : Starting Servlet engine: [Apache Tomcat/10.1.20]
2026-04-27T11:22:45.858+05:30  INFO 3660 --- [PAYMENT-SERVICE] [main] o.a.c.c.C.[Tomcat].[localhost].[/]       : Initializing Spring embedded WebApplicationContext
2026-04-27T11:22:45.859+05:30  INFO 3660 --- [PAYMENT-SERVICE] [main] w.s.c.ServletWebServerApplicationContext : Root WebApplicationContext: initialization completed in 1706 ms
2026-04-27T11:22:46.049+05:30  INFO 3660 --- [PAYMENT-SERVICE] [main] o.hibernate.jpa.internal.util.LogHelper  : HHH000204: Processing PersistenceUnitInfo [name: default]
2026-04-27T11:22:46.100+05:30  INFO 3660 --- [PAYMENT-SERVICE] [main] org.hibernate.Version                    : HHH000412: Hibernate ORM core version 6.4.4.Final
2026-04-27T11:22:46.128+05:30  INFO 3660 --- [PAYMENT-SERVICE] [main] o.h.c.internal.RegionFactoryInitiator    : HHH000026: Second-level cache disabled
2026-04-27T11:22:46.303+05:30  INFO 3660 --- [PAYMENT-SERVICE] [main] o.s.o.j.p.SpringPersistenceUnitInfo      : No LoadTimeWeaver setup: ignoring JPA class transformer
2026-04-27T11:22:46.327+05:30  INFO 3660 --- [PAYMENT-SERVICE] [main] com.zaxxer.hikari.HikariDataSource       : HikariPool-1 - Starting...
2026-04-27T11:22:46.578+05:30  INFO 3660 --- [PAYMENT-SERVICE] [main] com.zaxxer.hikari.pool.HikariPool        : HikariPool-1 - Added connection com.mysql.cj.jdbc.ConnectionImpl@5b55c3d6
2026-04-27T11:22:46.580+05:30  INFO 3660 --- [PAYMENT-SERVICE] [main] com.zaxxer.hikari.HikariDataSource       : HikariPool-1 - Start completed.
2026-04-27T11:22:47.368+05:30  INFO 3660 --- [PAYMENT-SERVICE] [main] o.h.e.t.j.p.i.JtaPlatformInitiator       : HHH000489: No JTA platform available (set 'hibernate.transaction.jta.platform' to enable JTA platform integration)
2026-04-27T11:22:47.414+05:30  INFO 3660 --- [PAYMENT-SERVICE] [main] j.LocalContainerEntityManagerFactoryBean : Initialized JPA EntityManagerFactory for persistence unit 'default'
2026-04-27T11:22:48.009+05:30  WARN 3660 --- [PAYMENT-SERVICE] [main] JpaBaseConfiguration$JpaWebConfiguration : spring.jpa.open-in-view is enabled by default. Therefore, database queries may be performed during view rendering. Explicitly configure spring.jpa.open-in-view to disable this warning
2026-04-27T11:22:48.260+05:30  INFO 3660 --- [PAYMENT-SERVICE] [main] o.s.c.openfeign.FeignClientFactoryBean   : For 'BILLING-SERVICE' URL not provided. Will try picking an instance via load-balancing.
2026-04-27T11:22:49.306+05:30  INFO 3660 --- [PAYMENT-SERVICE] [main] DiscoveryClientOptionalArgsConfiguration : Eureka HTTP Client uses RestTemplate.
2026-04-27T11:22:49.345+05:30  WARN 3660 --- [PAYMENT-SERVICE] [main] iguration$LoadBalancerCaffeineWarnLogger : Spring Cloud LoadBalancer is currently working with the default cache. While this cache implementation is useful for development and tests, it's recommended to use Caffeine cache in production.You can switch to using Caffeine cache, by adding it and org.springframework.cache.caffeine.CaffeineCacheManager to the classpath.
2026-04-27T11:22:49.411+05:30  INFO 3660 --- [PAYMENT-SERVICE] [main] o.s.c.n.eureka.InstanceInfoFactory       : Setting initial instance status as: STARTING
2026-04-27T11:22:49.445+05:30  INFO 3660 --- [PAYMENT-SERVICE] [main] com.netflix.discovery.DiscoveryClient    : Initializing Eureka in region us-east-1
2026-04-27T11:22:49.450+05:30  INFO 3660 --- [PAYMENT-SERVICE] [main] c.n.d.s.r.aws.ConfigClusterResolver      : Resolving eureka endpoints via configuration
2026-04-27T11:22:49.470+05:30  INFO 3660 --- [PAYMENT-SERVICE] [main] com.netflix.discovery.DiscoveryClient    : Disable delta property : false
2026-04-27T11:22:49.470+05:30  INFO 3660 --- [PAYMENT-SERVICE] [main] com.netflix.discovery.DiscoveryClient    : Single vip registry refresh property : null
2026-04-27T11:22:49.470+05:30  INFO 3660 --- [PAYMENT-SERVICE] [main] com.netflix.discovery.DiscoveryClient    : Force full registry fetch : false
2026-04-27T11:22:49.470+05:30  INFO 3660 --- [PAYMENT-SERVICE] [main] com.netflix.discovery.DiscoveryClient    : Application is null : false
2026-04-27T11:22:49.471+05:30  INFO 3660 --- [PAYMENT-SERVICE] [main] com.netflix.discovery.DiscoveryClient    : Registered Applications size is zero : true
2026-04-27T11:22:49.471+05:30  INFO 3660 --- [PAYMENT-SERVICE] [main] com.netflix.discovery.DiscoveryClient    : Application version is -1: true
2026-04-27T11:22:49.472+05:30  INFO 3660 --- [PAYMENT-SERVICE] [main] com.netflix.discovery.DiscoveryClient    : Getting all instance registry info from the eureka server
2026-04-27T11:22:49.767+05:30  INFO 3660 --- [PAYMENT-SERVICE] [main] com.netflix.discovery.DiscoveryClient    : The response status is 200
2026-04-27T11:22:49.771+05:30  INFO 3660 --- [PAYMENT-SERVICE] [main] com.netflix.discovery.DiscoveryClient    : Starting heartbeat executor: renew interval is: 30
2026-04-27T11:22:49.775+05:30  INFO 3660 --- [PAYMENT-SERVICE] [main] c.n.discovery.InstanceInfoReplicator     : InstanceInfoReplicator onDemand update allowed rate per min is 4
2026-04-27T11:22:49.779+05:30  INFO 3660 --- [PAYMENT-SERVICE] [main] com.netflix.discovery.DiscoveryClient    : Discovery Client initialized at timestamp 1777269169778 with initial instances count: 3
2026-04-27T11:22:49.795+05:30  INFO 3660 --- [PAYMENT-SERVICE] [main] o.s.c.n.e.s.EurekaServiceRegistry        : Registering application PAYMENT-SERVICE with eureka with status UP
2026-04-27T11:22:49.796+05:30  INFO 3660 --- [PAYMENT-SERVICE] [main] com.netflix.discovery.DiscoveryClient    : Saw local status change event StatusChangeEvent [timestamp=1777269169796, current=UP, previous=STARTING]
2026-04-27T11:22:49.798+05:30  INFO 3660 --- [PAYMENT-SERVICE] [DiscoveryClient-InstanceInfoReplicator-0] com.netflix.discovery.DiscoveryClient    : DiscoveryClient_PAYMENT-SERVICE/DESKTOP-I8FRD6A:PAYMENT-SERVICE:8084: registering service...
2026-04-27T11:22:49.826+05:30  INFO 3660 --- [PAYMENT-SERVICE] [main] o.s.b.w.embedded.tomcat.TomcatWebServer  : Tomcat started on port 8084 (http) with context path ''
2026-04-27T11:22:49.827+05:30  INFO 3660 --- [PAYMENT-SERVICE] [main] .s.c.n.e.s.EurekaAutoServiceRegistration : Updating port to 8084
2026-04-27T11:22:49.853+05:30  INFO 3660 --- [PAYMENT-SERVICE] [DiscoveryClient-InstanceInfoReplicator-0] com.netflix.discovery.DiscoveryClient    : DiscoveryClient_PAYMENT-SERVICE/DESKTOP-I8FRD6A:PAYMENT-SERVICE:8084 - registration status: 204
2026-04-27T11:22:50.005+05:30  INFO 3660 --- [PAYMENT-SERVICE] [main] c.e.demo.PaymentServiceApplication       : Started PaymentServiceApplication in 6.419 seconds (process running for 6.963)
2026-04-27T11:27:49.479+05:30  INFO 3660 --- [PAYMENT-SERVICE] [AsyncResolver-bootstrap-executor-0] c.n.d.s.r.aws.ConfigClusterResolver      : Resolving eureka endpoints via configuration
2026-04-27T11:32:49.493+05:30  INFO 3660 --- [PAYMENT-SERVICE] [AsyncResolver-bootstrap-executor-0] c.n.d.s.r.aws.ConfigClusterResolver      : Resolving eureka endpoints via configuration
2026-04-27T11:37:49.505+05:30  INFO 3660 --- [PAYMENT-SERVICE] [AsyncResolver-bootstrap-executor-0] c.n.d.s.r.aws.ConfigClusterResolver      : Resolving eureka endpoints via configuration
2026-04-27T11:42:49.519+05:30  INFO 3660 --- [PAYMENT-SERVICE] [AsyncResolver-bootstrap-executor-0] c.n.d.s.r.aws.ConfigClusterResolver      : Resolving eureka endpoints via configuration
2026-04-27T11:47:49.525+05:30  INFO 3660 --- [PAYMENT-SERVICE] [AsyncResolver-bootstrap-executor-0] c.n.d.s.r.aws.ConfigClusterResolver      : Resolving eureka endpoints via configuration
2026-04-27T11:52:49.539+05:30  INFO 3660 --- [PAYMENT-SERVICE] [AsyncResolver-bootstrap-executor-0] c.n.d.s.r.aws.ConfigClusterResolver      : Resolving eureka endpoints via configuration
2026-04-27T11:57:49.559+05:30  INFO 3660 --- [PAYMENT-SERVICE] [AsyncResolver-bootstrap-executor-0] c.n.d.s.r.aws.ConfigClusterResolver      : Resolving eureka endpoints via configuration
2026-04-27T12:02:49.576+05:30  INFO 3660 --- [PAYMENT-SERVICE] [AsyncResolver-bootstrap-executor-0] c.n.d.s.r.aws.ConfigClusterResolver      : Resolving eureka endpoints via configuration
2026-04-27T12:07:49.583+05:30  INFO 3660 --- [PAYMENT-SERVICE] [AsyncResolver-bootstrap-executor-0] c.n.d.s.r.aws.ConfigClusterResolver      : Resolving eureka endpoints via configuration
2026-04-27T12:12:49.586+05:30  INFO 3660 --- [PAYMENT-SERVICE] [AsyncResolver-bootstrap-executor-0] c.n.d.s.r.aws.ConfigClusterResolver      : Resolving eureka endpoints via configuration
2026-04-27T12:17:49.594+05:30  INFO 3660 --- [PAYMENT-SERVICE] [AsyncResolver-bootstrap-executor-0] c.n.d.s.r.aws.ConfigClusterResolver      : Resolving eureka endpoints via configuration
2026-04-27T12:22:49.596+05:30  INFO 3660 --- [PAYMENT-SERVICE] [AsyncResolver-bootstrap-executor-0] c.n.d.s.r.aws.ConfigClusterResolver      : Resolving eureka endpoints via configuration
2026-04-27T12:27:49.605+05:30  INFO 3660 --- [PAYMENT-SERVICE] [AsyncResolver-bootstrap-executor-0] c.n.d.s.r.aws.ConfigClusterResolver      : Resolving eureka endpoints via configuration
2026-04-27T12:32:49.612+05:30  INFO 3660 --- [PAYMENT-SERVICE] [AsyncResolver-bootstrap-executor-0] c.n.d.s.r.aws.ConfigClusterResolver      : Resolving eureka endpoints via configuration
2026-04-27T12:37:49.619+05:30  INFO 3660 --- [PAYMENT-SERVICE] [AsyncResolver-bootstrap-executor-0] c.n.d.s.r.aws.ConfigClusterResolver      : Resolving eureka endpoints via configuration
2026-04-27T12:42:49.623+05:30  INFO 3660 --- [PAYMENT-SERVICE] [AsyncResolver-bootstrap-executor-0] c.n.d.s.r.aws.ConfigClusterResolver      : Resolving eureka endpoints via configuration
2026-04-27T12:47:49.633+05:30  INFO 3660 --- [PAYMENT-SERVICE] [AsyncResolver-bootstrap-executor-0] c.n.d.s.r.aws.ConfigClusterResolver      : Resolving eureka endpoints via configuration
2026-04-27T12:52:49.651+05:30  INFO 3660 --- [PAYMENT-SERVICE] [AsyncResolver-bootstrap-executor-0] c.n.d.s.r.aws.ConfigClusterResolver      : Resolving eureka endpoints via configuration
2026-04-27T13:56:37.056+05:30  INFO 17512 --- [PAYMENT-SERVICE] [main] c.e.demo.PaymentServiceApplication       : Starting PaymentServiceApplication using Java 17.0.18 with PID 17512 (C:\project\payment-service\target\classes started by HP in C:\project\payment-service)
2026-04-27T13:56:37.060+05:30  INFO 17512 --- [PAYMENT-SERVICE] [main] c.e.demo.PaymentServiceApplication       : No active profile set, falling back to 1 default profile: "default"
2026-04-27T13:56:38.069+05:30  INFO 17512 --- [PAYMENT-SERVICE] [main] .s.d.r.c.RepositoryConfigurationDelegate : Bootstrapping Spring Data JPA repositories in DEFAULT mode.
2026-04-27T13:56:38.212+05:30  INFO 17512 --- [PAYMENT-SERVICE] [main] .s.d.r.c.RepositoryConfigurationDelegate : Finished Spring Data repository scanning in 133 ms. Found 1 JPA repository interface.
2026-04-27T13:56:38.470+05:30  INFO 17512 --- [PAYMENT-SERVICE] [main] o.s.cloud.context.scope.GenericScope     : BeanFactory id=6652b0e8-5384-3010-9156-3973c6334acc
2026-04-27T13:56:38.737+05:30  WARN 17512 --- [PAYMENT-SERVICE] [main] trationDelegate$BeanPostProcessorChecker : Bean 'org.springframework.cloud.client.loadbalancer.LoadBalancerAutoConfiguration$DeferringLoadBalancerInterceptorConfig' of type [org.springframework.cloud.client.loadbalancer.LoadBalancerAutoConfiguration$DeferringLoadBalancerInterceptorConfig] is not eligible for getting processed by all BeanPostProcessors (for example: not eligible for auto-proxying). The currently created BeanPostProcessor [lbRestClientPostProcessor] is declared through a non-static factory method on that class; consider declaring it as static instead.
2026-04-27T13:56:38.742+05:30  WARN 17512 --- [PAYMENT-SERVICE] [main] trationDelegate$BeanPostProcessorChecker : Bean 'deferringLoadBalancerInterceptor' of type [org.springframework.cloud.client.loadbalancer.DeferringLoadBalancerInterceptor] is not eligible for getting processed by all BeanPostProcessors (for example: not eligible for auto-proxying). Is this bean getting eagerly injected into a currently created BeanPostProcessor [lbRestClientPostProcessor]? Check the corresponding BeanPostProcessor declaration and its dependencies.
2026-04-27T13:56:39.121+05:30  INFO 17512 --- [PAYMENT-SERVICE] [main] o.s.b.w.embedded.tomcat.TomcatWebServer  : Tomcat initialized with port 8084 (http)
2026-04-27T13:56:39.135+05:30  INFO 17512 --- [PAYMENT-SERVICE] [main] o.apache.catalina.core.StandardService   : Starting service [Tomcat]
2026-04-27T13:56:39.136+05:30  INFO 17512 --- [PAYMENT-SERVICE] [main] o.apache.catalina.core.StandardEngine    : Starting Servlet engine: [Apache Tomcat/10.1.20]
2026-04-27T13:56:39.229+05:30  INFO 17512 --- [PAYMENT-SERVICE] [main] o.a.c.c.C.[Tomcat].[localhost].[/]       : Initializing Spring embedded WebApplicationContext
2026-04-27T13:56:39.229+05:30  INFO 17512 --- [PAYMENT-SERVICE] [main] w.s.c.ServletWebServerApplicationContext : Root WebApplicationContext: initialization completed in 2095 ms
2026-04-27T13:56:39.465+05:30  INFO 17512 --- [PAYMENT-SERVICE] [main] o.hibernate.jpa.internal.util.LogHelper  : HHH000204: Processing PersistenceUnitInfo [name: default]
2026-04-27T13:56:39.532+05:30  INFO 17512 --- [PAYMENT-SERVICE] [main] org.hibernate.Version                    : HHH000412: Hibernate ORM core version 6.4.4.Final
2026-04-27T13:56:39.575+05:30  INFO 17512 --- [PAYMENT-SERVICE] [main] o.h.c.internal.RegionFactoryInitiator    : HHH000026: Second-level cache disabled
2026-04-27T13:56:39.784+05:30  INFO 17512 --- [PAYMENT-SERVICE] [main] o.s.o.j.p.SpringPersistenceUnitInfo      : No LoadTimeWeaver setup: ignoring JPA class transformer
2026-04-27T13:56:39.818+05:30  INFO 17512 --- [PAYMENT-SERVICE] [main] com.zaxxer.hikari.HikariDataSource       : HikariPool-1 - Starting...
2026-04-27T13:56:40.119+05:30  INFO 17512 --- [PAYMENT-SERVICE] [main] com.zaxxer.hikari.pool.HikariPool        : HikariPool-1 - Added connection com.mysql.cj.jdbc.ConnectionImpl@6651efa4
2026-04-27T13:56:40.121+05:30  INFO 17512 --- [PAYMENT-SERVICE] [main] com.zaxxer.hikari.HikariDataSource       : HikariPool-1 - Start completed.
2026-04-27T13:56:41.061+05:30  INFO 17512 --- [PAYMENT-SERVICE] [main] o.h.e.t.j.p.i.JtaPlatformInitiator       : HHH000489: No JTA platform available (set 'hibernate.transaction.jta.platform' to enable JTA platform integration)
2026-04-27T13:56:41.121+05:30  INFO 17512 --- [PAYMENT-SERVICE] [main] j.LocalContainerEntityManagerFactoryBean : Initialized JPA EntityManagerFactory for persistence unit 'default'
2026-04-27T13:56:42.052+05:30  WARN 17512 --- [PAYMENT-SERVICE] [main] JpaBaseConfiguration$JpaWebConfiguration : spring.jpa.open-in-view is enabled by default. Therefore, database queries may be performed during view rendering. Explicitly configure spring.jpa.open-in-view to disable this warning
2026-04-27T13:56:42.411+05:30  INFO 17512 --- [PAYMENT-SERVICE] [main] o.s.c.openfeign.FeignClientFactoryBean   : For 'BILLING-SERVICE' URL not provided. Will try picking an instance via load-balancing.
2026-04-27T13:56:43.643+05:30  INFO 17512 --- [PAYMENT-SERVICE] [main] DiscoveryClientOptionalArgsConfiguration : Eureka HTTP Client uses RestTemplate.
2026-04-27T13:56:43.705+05:30  WARN 17512 --- [PAYMENT-SERVICE] [main] iguration$LoadBalancerCaffeineWarnLogger : Spring Cloud LoadBalancer is currently working with the default cache. While this cache implementation is useful for development and tests, it's recommended to use Caffeine cache in production.You can switch to using Caffeine cache, by adding it and org.springframework.cache.caffeine.CaffeineCacheManager to the classpath.
2026-04-27T13:56:43.781+05:30  INFO 17512 --- [PAYMENT-SERVICE] [main] o.s.c.n.eureka.InstanceInfoFactory       : Setting initial instance status as: STARTING
2026-04-27T13:56:43.826+05:30  INFO 17512 --- [PAYMENT-SERVICE] [main] com.netflix.discovery.DiscoveryClient    : Initializing Eureka in region us-east-1
2026-04-27T13:56:43.832+05:30  INFO 17512 --- [PAYMENT-SERVICE] [main] c.n.d.s.r.aws.ConfigClusterResolver      : Resolving eureka endpoints via configuration
2026-04-27T13:56:43.862+05:30  INFO 17512 --- [PAYMENT-SERVICE] [main] com.netflix.discovery.DiscoveryClient    : Disable delta property : false
2026-04-27T13:56:43.862+05:30  INFO 17512 --- [PAYMENT-SERVICE] [main] com.netflix.discovery.DiscoveryClient    : Single vip registry refresh property : null
2026-04-27T13:56:43.862+05:30  INFO 17512 --- [PAYMENT-SERVICE] [main] com.netflix.discovery.DiscoveryClient    : Force full registry fetch : false
2026-04-27T13:56:43.863+05:30  INFO 17512 --- [PAYMENT-SERVICE] [main] com.netflix.discovery.DiscoveryClient    : Application is null : false
2026-04-27T13:56:43.865+05:30  INFO 17512 --- [PAYMENT-SERVICE] [main] com.netflix.discovery.DiscoveryClient    : Registered Applications size is zero : true
2026-04-27T13:56:43.865+05:30  INFO 17512 --- [PAYMENT-SERVICE] [main] com.netflix.discovery.DiscoveryClient    : Application version is -1: true
2026-04-27T13:56:43.865+05:30  INFO 17512 --- [PAYMENT-SERVICE] [main] com.netflix.discovery.DiscoveryClient    : Getting all instance registry info from the eureka server
2026-04-27T13:56:44.283+05:30  INFO 17512 --- [PAYMENT-SERVICE] [main] com.netflix.discovery.DiscoveryClient    : The response status is 200
2026-04-27T13:56:44.286+05:30  INFO 17512 --- [PAYMENT-SERVICE] [main] com.netflix.discovery.DiscoveryClient    : Starting heartbeat executor: renew interval is: 30
2026-04-27T13:56:44.291+05:30  INFO 17512 --- [PAYMENT-SERVICE] [main] c.n.discovery.InstanceInfoReplicator     : InstanceInfoReplicator onDemand update allowed rate per min is 4
2026-04-27T13:56:44.296+05:30  INFO 17512 --- [PAYMENT-SERVICE] [main] com.netflix.discovery.DiscoveryClient    : Discovery Client initialized at timestamp 1777278404296 with initial instances count: 4
2026-04-27T13:56:44.310+05:30  INFO 17512 --- [PAYMENT-SERVICE] [main] o.s.c.n.e.s.EurekaServiceRegistry        : Registering application PAYMENT-SERVICE with eureka with status UP
2026-04-27T13:56:44.311+05:30  INFO 17512 --- [PAYMENT-SERVICE] [main] com.netflix.discovery.DiscoveryClient    : Saw local status change event StatusChangeEvent [timestamp=1777278404311, current=UP, previous=STARTING]
2026-04-27T13:56:44.313+05:30  INFO 17512 --- [PAYMENT-SERVICE] [DiscoveryClient-InstanceInfoReplicator-0] com.netflix.discovery.DiscoveryClient    : DiscoveryClient_PAYMENT-SERVICE/DESKTOP-I8FRD6A:PAYMENT-SERVICE:8084: registering service...
2026-04-27T13:56:44.345+05:30  INFO 17512 --- [PAYMENT-SERVICE] [main] o.s.b.w.embedded.tomcat.TomcatWebServer  : Tomcat started on port 8084 (http) with context path ''
2026-04-27T13:56:44.346+05:30  INFO 17512 --- [PAYMENT-SERVICE] [main] .s.c.n.e.s.EurekaAutoServiceRegistration : Updating port to 8084
2026-04-27T13:56:44.379+05:30  INFO 17512 --- [PAYMENT-SERVICE] [DiscoveryClient-InstanceInfoReplicator-0] com.netflix.discovery.DiscoveryClient    : DiscoveryClient_PAYMENT-SERVICE/DESKTOP-I8FRD6A:PAYMENT-SERVICE:8084 - registration status: 204
2026-04-27T13:56:44.514+05:30  INFO 17512 --- [PAYMENT-SERVICE] [main] c.e.demo.PaymentServiceApplication       : Started PaymentServiceApplication in 8.029 seconds (process running for 8.759)
2026-04-27T14:01:43.883+05:30  INFO 17512 --- [PAYMENT-SERVICE] [AsyncResolver-bootstrap-executor-0] c.n.d.s.r.aws.ConfigClusterResolver      : Resolving eureka endpoints via configuration
2026-04-27T14:06:43.891+05:30  INFO 17512 --- [PAYMENT-SERVICE] [AsyncResolver-bootstrap-executor-0] c.n.d.s.r.aws.ConfigClusterResolver      : Resolving eureka endpoints via configuration
2026-04-27T14:08:47.434+05:30  WARN 17512 --- [PAYMENT-SERVICE] [HikariPool-1 housekeeper] com.zaxxer.hikari.pool.HikariPool        : HikariPool-1 - Thread starvation or clock leap detected (housekeeper delta=2m7s43ms222µs800ns).
2026-04-27T14:13:20.945+05:30  INFO 17512 --- [PAYMENT-SERVICE] [AsyncResolver-bootstrap-executor-0] c.n.d.s.r.aws.ConfigClusterResolver      : Resolving eureka endpoints via configuration
2026-04-27T14:18:20.954+05:30  INFO 17512 --- [PAYMENT-SERVICE] [AsyncResolver-bootstrap-executor-0] c.n.d.s.r.aws.ConfigClusterResolver      : Resolving eureka endpoints via configuration
2026-04-27T14:23:20.964+05:30  INFO 17512 --- [PAYMENT-SERVICE] [AsyncResolver-bootstrap-executor-0] c.n.d.s.r.aws.ConfigClusterResolver      : Resolving eureka endpoints via configuration
2026-04-27T14:28:20.982+05:30  INFO 17512 --- [PAYMENT-SERVICE] [AsyncResolver-bootstrap-executor-0] c.n.d.s.r.aws.ConfigClusterResolver      : Resolving eureka endpoints via configuration
2026-04-27T14:33:20.991+05:30  INFO 17512 --- [PAYMENT-SERVICE] [AsyncResolver-bootstrap-executor-0] c.n.d.s.r.aws.ConfigClusterResolver      : Resolving eureka endpoints via configuration
2026-04-27T14:38:21.007+05:30  INFO 17512 --- [PAYMENT-SERVICE] [AsyncResolver-bootstrap-executor-0] c.n.d.s.r.aws.ConfigClusterResolver      : Resolving eureka endpoints via configuration
2026-04-27T14:43:21.023+05:30  INFO 17512 --- [PAYMENT-SERVICE] [AsyncResolver-bootstrap-executor-0] c.n.d.s.r.aws.ConfigClusterResolver      : Resolving eureka endpoints via configuration
2026-04-27T14:48:21.032+05:30  INFO 17512 --- [PAYMENT-SERVICE] [AsyncResolver-bootstrap-executor-0] c.n.d.s.r.aws.ConfigClusterResolver      : Resolving eureka endpoints via configuration
2026-04-27T14:53:21.038+05:30  INFO 17512 --- [PAYMENT-SERVICE] [AsyncResolver-bootstrap-executor-0] c.n.d.s.r.aws.ConfigClusterResolver      : Resolving eureka endpoints via configuration
2026-04-27T14:58:21.042+05:30  INFO 17512 --- [PAYMENT-SERVICE] [AsyncResolver-bootstrap-executor-0] c.n.d.s.r.aws.ConfigClusterResolver      : Resolving eureka endpoints via configuration
2026-04-27T15:00:57.699+05:30  WARN 17512 --- [PAYMENT-SERVICE] [HikariPool-1 housekeeper] com.zaxxer.hikari.pool.HikariPool        : HikariPool-1 - Thread starvation or clock leap detected (housekeeper delta=1m39s351ms389µs).
2026-04-27T15:04:30.392+05:30  INFO 17512 --- [PAYMENT-SERVICE] [AsyncResolver-bootstrap-executor-0] c.n.d.s.r.aws.ConfigClusterResolver      : Resolving eureka endpoints via configuration
2026-04-27T15:09:30.401+05:30  INFO 17512 --- [PAYMENT-SERVICE] [AsyncResolver-bootstrap-executor-0] c.n.d.s.r.aws.ConfigClusterResolver      : Resolving eureka endpoints via configuration
2026-04-27T15:14:30.406+05:30  INFO 17512 --- [PAYMENT-SERVICE] [AsyncResolver-bootstrap-executor-0] c.n.d.s.r.aws.ConfigClusterResolver      : Resolving eureka endpoints via configuration
2026-04-27T15:19:30.419+05:30  INFO 17512 --- [PAYMENT-SERVICE] [AsyncResolver-bootstrap-executor-0] c.n.d.s.r.aws.ConfigClusterResolver      : Resolving eureka endpoints via configuration
2026-04-27T15:24:30.426+05:30  INFO 17512 --- [PAYMENT-SERVICE] [AsyncResolver-bootstrap-executor-0] c.n.d.s.r.aws.ConfigClusterResolver      : Resolving eureka endpoints via configuration
2026-04-27T15:29:30.434+05:30  INFO 17512 --- [PAYMENT-SERVICE] [AsyncResolver-bootstrap-executor-0] c.n.d.s.r.aws.ConfigClusterResolver      : Resolving eureka endpoints via configuration
2026-04-27T15:34:30.443+05:30  INFO 17512 --- [PAYMENT-SERVICE] [AsyncResolver-bootstrap-executor-0] c.n.d.s.r.aws.ConfigClusterResolver      : Resolving eureka endpoints via configuration
2026-04-27T15:39:30.456+05:30  INFO 17512 --- [PAYMENT-SERVICE] [AsyncResolver-bootstrap-executor-0] c.n.d.s.r.aws.ConfigClusterResolver      : Resolving eureka endpoints via configuration
2026-04-27T15:44:30.461+05:30  INFO 17512 --- [PAYMENT-SERVICE] [AsyncResolver-bootstrap-executor-0] c.n.d.s.r.aws.ConfigClusterResolver      : Resolving eureka endpoints via configuration
2026-04-27T15:54:34.169+05:30  WARN 17512 --- [PAYMENT-SERVICE] [HikariPool-1 housekeeper] com.zaxxer.hikari.pool.HikariPool        : HikariPool-1 - Thread starvation or clock leap detected (housekeeper delta=7m5s884ms679µs800ns).
2026-04-27T15:56:06.356+05:30  INFO 17512 --- [PAYMENT-SERVICE] [AsyncResolver-bootstrap-executor-0] c.n.d.s.r.aws.ConfigClusterResolver      : Resolving eureka endpoints via configuration
2026-04-27T16:01:06.358+05:30  INFO 17512 --- [PAYMENT-SERVICE] [AsyncResolver-bootstrap-executor-0] c.n.d.s.r.aws.ConfigClusterResolver      : Resolving eureka endpoints via configuration
2026-04-27T16:06:06.363+05:30  INFO 17512 --- [PAYMENT-SERVICE] [AsyncResolver-bootstrap-executor-0] c.n.d.s.r.aws.ConfigClusterResolver      : Resolving eureka endpoints via configuration
2026-04-27T16:11:06.368+05:30  INFO 17512 --- [PAYMENT-SERVICE] [AsyncResolver-bootstrap-executor-0] c.n.d.s.r.aws.ConfigClusterResolver      : Resolving eureka endpoints via configuration
2026-04-27T16:16:06.370+05:30  INFO 17512 --- [PAYMENT-SERVICE] [AsyncResolver-bootstrap-executor-0] c.n.d.s.r.aws.ConfigClusterResolver      : Resolving eureka endpoints via configuration
2026-04-27T16:21:06.382+05:30  INFO 17512 --- [PAYMENT-SERVICE] [AsyncResolver-bootstrap-executor-0] c.n.d.s.r.aws.ConfigClusterResolver      : Resolving eureka endpoints via configuration
2026-04-27T16:26:06.391+05:30  INFO 17512 --- [PAYMENT-SERVICE] [AsyncResolver-bootstrap-executor-0] c.n.d.s.r.aws.ConfigClusterResolver      : Resolving eureka endpoints via configuration
2026-04-27T16:31:06.408+05:30  INFO 17512 --- [PAYMENT-SERVICE] [AsyncResolver-bootstrap-executor-0] c.n.d.s.r.aws.ConfigClusterResolver      : Resolving eureka endpoints via configuration
2026-04-27T16:36:06.416+05:30  INFO 17512 --- [PAYMENT-SERVICE] [AsyncResolver-bootstrap-executor-0] c.n.d.s.r.aws.ConfigClusterResolver      : Resolving eureka endpoints via configuration
2026-04-27T16:41:06.428+05:30  INFO 17512 --- [PAYMENT-SERVICE] [AsyncResolver-bootstrap-executor-0] c.n.d.s.r.aws.ConfigClusterResolver      : Resolving eureka endpoints via configuration
2026-04-27T16:46:06.443+05:30  INFO 17512 --- [PAYMENT-SERVICE] [AsyncResolver-bootstrap-executor-0] c.n.d.s.r.aws.ConfigClusterResolver      : Resolving eureka endpoints via configuration
2026-04-27T16:51:06.451+05:30  INFO 17512 --- [PAYMENT-SERVICE] [AsyncResolver-bootstrap-executor-0] c.n.d.s.r.aws.ConfigClusterResolver      : Resolving eureka endpoints via configuration
2026-04-27T16:56:06.465+05:30  INFO 17512 --- [PAYMENT-SERVICE] [AsyncResolver-bootstrap-executor-0] c.n.d.s.r.aws.ConfigClusterResolver      : Resolving eureka endpoints via configuration
2026-04-27T17:01:06.467+05:30  INFO 17512 --- [PAYMENT-SERVICE] [AsyncResolver-bootstrap-executor-0] c.n.d.s.r.aws.ConfigClusterResolver      : Resolving eureka endpoints via configuration
2026-04-27T17:06:06.499+05:30  INFO 17512 --- [PAYMENT-SERVICE] [AsyncResolver-bootstrap-executor-0] c.n.d.s.r.aws.ConfigClusterResolver      : Resolving eureka endpoints via configuration
2026-04-27T17:11:06.511+05:30  INFO 17512 --- [PAYMENT-SERVICE] [AsyncResolver-bootstrap-executor-0] c.n.d.s.r.aws.ConfigClusterResolver      : Resolving eureka endpoints via configuration
2026-04-27T17:16:06.528+05:30  INFO 17512 --- [PAYMENT-SERVICE] [AsyncResolver-bootstrap-executor-0] c.n.d.s.r.aws.ConfigClusterResolver      : Resolving eureka endpoints via configuration
2026-04-27T17:21:06.537+05:30  INFO 17512 --- [PAYMENT-SERVICE] [AsyncResolver-bootstrap-executor-0] c.n.d.s.r.aws.ConfigClusterResolver      : Resolving eureka endpoints via configuration
2026-04-27T17:26:06.541+05:30  INFO 17512 --- [PAYMENT-SERVICE] [AsyncResolver-bootstrap-executor-0] c.n.d.s.r.aws.ConfigClusterResolver      : Resolving eureka endpoints via configuration
2026-04-27T17:31:06.542+05:30  INFO 17512 --- [PAYMENT-SERVICE] [AsyncResolver-bootstrap-executor-0] c.n.d.s.r.aws.ConfigClusterResolver      : Resolving eureka endpoints via configuration
